<?xml version="1.0" encoding="UTF-8"?>
<testsuite xmlns:xsi="http://www.w3.org/2001/XMLSchema-instance" xsi:noNamespaceSchemaLocation="https://maven.apache.org/surefire/maven-surefire-plugin/xsd/surefire-test-report.xsd" name="A_WarehouseTest" time="0.095" tests="19" errors="0" skipped="0" failures="3">
  <properties>
[...]
</properties>
  <testcase name="stockMethodExits" classname="A_WarehouseTest" time="0.021"/>
  <testcase name="constructor" classname="A_WarehouseTest" time="0"/>
  <testcase name="priceCheckForNonexistantProduct" classname="A_WarehouseTest" time="0"/>
  <testcase name="mapImplemented" classname="A_WarehouseTest" time="0.004">
    <failure message="Store theWarehouse&apos;s product prices in instance variable Map&lt;String, Integer&gt; prices; &#10;i.e, change the field java.util.HashMap productPrice to the right type" type="java.lang.AssertionError"><![CDATA[java.lang.AssertionError: 
Store theWarehouse's product prices in instance variable Map<String, Integer> prices; 
i.e, change the field java.util.HashMap productPrice to the right type
	at A_WarehouseTest.mapImplemented(A_WarehouseTest.java:53)
]]></failure>
  </testcase>
  <testcase name="methodPriceImplemented" classname="A_WarehouseTest" time="0"/>
  <testcase name="failedPriceCheckDoesNotCauseAnException" classname="A_WarehouseTest" time="0"/>
  <testcase name="productsMethodWorks" classname="A_WarehouseTest" time="0.001"/>
  <testcase name="priceMethodWorks" classname="A_WarehouseTest" time="0"/>
  <testcase name="stockForAProductNotInTheWarehouse" classname="A_WarehouseTest" time="0"/>
  <testcase name="takeWorksWhenStockBecomesZero" classname="A_WarehouseTest" time="0.001"/>
  <testcase name="stockMethodWorksWithProductInTheWarehouse" classname="A_WarehouseTest" time="0.001"/>
  <testcase name="mapExists" classname="A_WarehouseTest" time="0.001">
    <failure message="The Warehouse&apos;s product prices must be stored in the instance variable: Map&lt;String, Integer&gt; quantities; &#10;so change java.util.HashMap productPrice to the right type" type="java.lang.AssertionError"><![CDATA[java.lang.AssertionError: 
The Warehouse's product prices must be stored in the instance variable: Map<String, Integer> quantities; 
so change java.util.HashMap productPrice to the right type
	at A_WarehouseTest.mapExists(A_WarehouseTest.java:179)
]]></failure>
  </testcase>
  <testcase name="methodProductsExits" classname="A_WarehouseTest" time="0"/>
  <testcase name="classIsPublic" classname="A_WarehouseTest" time="0"/>
  <testcase name="tryingToTakeAProductThatDoesNotExistReturnsFalse" classname="A_WarehouseTest" time="0"/>
  <testcase name="takeReducesQuantity" classname="A_WarehouseTest" time="0"/>
  <testcase name="methodTakeExits" classname="A_WarehouseTest" time="0"/>
  <testcase name="noExtraVariables" classname="A_WarehouseTest" time="0">
    <failure message="All the instance variable for the class should be private, but in the Warehouse class found: HashMap productPrice" type="java.lang.AssertionError">java.lang.AssertionError: All the instance variable for the class should be private, but in the Warehouse class found: HashMap productPrice
	at A_WarehouseTest.cleanlinessCheck(A_WarehouseTest.java:466)
	at A_WarehouseTest.noExtraVariables(A_WarehouseTest.java:397)
</failure>
  </testcase>
  <testcase name="methodAddProductExits" classname="A_WarehouseTest" time="0"/>
</testsuite>